2013/08/01 12:04:20 [error] [exception.CDbException] exception 'CDbException' with message 'CDbConnection failed to open the DB connection: SQLSTATE[HY000] [2003] Can't connect to MySQL server on 'pw-bigdata2013.cundn37xxxsr.us-west-2.rds.amazonaws.com' (60)' in /Users/shihao/Documents/eclipse-php/yii/framework/db/CDbConnection.php:381
Stack trace:
#0 /Users/shihao/Documents/eclipse-php/yii/framework/db/CDbConnection.php(330): CDbConnection->open()
#1 /Users/shihao/Documents/eclipse-php/yii/framework/db/CDbConnection.php(308): CDbConnection->setActive(true)
#2 /Users/shihao/Documents/eclipse-php/yii/framework/base/CModule.php(387): CDbConnection->init()
#3 /Users/shihao/Documents/eclipse-php/yii/framework/base/CModule.php(103): CModule->getComponent('db')
#4 /Users/shihao/Documents/eclipse-php/yii/framework/gii/generators/model/ModelCode.php(57): CModule->__get('db')
#5 /Users/shihao/Documents/eclipse-php/yii/framework/web/CFormModel.php(39): ModelCode->init()
#6 /Users/shihao/Documents/eclipse-php/yii/framework/gii/CCodeGenerator.php(153): CFormModel->__construct()
#7 /Users/shihao/Documents/eclipse-php/yii/framework/gii/CCodeGenerator.php(63): CCodeGenerator->prepare()
#8 /Users/shihao/Documents/eclipse-php/yii/framework/web/actions/CInlineAction.php(49): CCodeGenerator->actionIndex()
#9 /Users/shihao/Documents/eclipse-php/yii/framework/web/CController.php(308): CInlineAction->runWithParams(Array)
#10 /Users/shihao/Documents/eclipse-php/yii/framework/web/CController.php(286): CController->runAction(Object(CInlineAction))
#11 /Users/shihao/Documents/eclipse-php/yii/framework/web/CController.php(265): CController->runActionWithFilters(Object(CInlineAction), Array)
#12 /Users/shihao/Documents/eclipse-php/yii/framework/web/CWebApplication.php(282): CController->run('')
#13 /Users/shihao/Documents/eclipse-php/yii/framework/web/CWebApplication.php(141): CWebApplication->runController('gii/model')
#14 /Users/shihao/Documents/eclipse-php/yii/framework/base/CApplication.php(169): CWebApplication->processRequest()
#15 /Users/shihao/Documents/eclipse-php/workspace/fortuneData/index.php(13): CApplication->run()
#16 {main}
REQUEST_URI=/fortuneData/index.php?r=gii/model
HTTP_REFERER=http://localhost/fortuneData/index.php?r=gii/model
---
